# JRE version: OpenJDK Runtime Environment Temurin-21.0.11+10 (21.0.11+10) (build 21.0.11+10-LTS)
# Java VM: OpenJDK 64-Bit Server VM Temurin-21.0.11+10 (21.0.11+10-LTS, mixed mode, sharing, tiered, compressed oops, compressed class ptrs, parallel gc, windows-amd64)
GC Precious Log:
 CardTable entry size: 512
 CPUs: 20 total, 20 available
 Memory: 16124M
 Large Page Support: Disabled
 NUMA Support: Disabled
 Compressed Oops: Enabled (32-bit)
 Alignments: Space 512K, Generation 512K, Heap 2M
 Heap Min Capacity: 100M
 Heap Initial Capacity: 100M
 Heap Max Capacity: 2G
 Pre-touch: Disabled
 Parallel Workers: 15
Heap:
 PSYoungGen      total 1536K, used 958K [0x00000000d5580000, 0x00000000d5800000, 0x0000000100000000)
  eden space 1024K, 56% used [0x00000000d5580000,0x00000000d560fac8,0x00000000d5680000)
  from space 512K, 75% used [0x00000000d5700000,0x00000000d5760000,0x00000000d5780000)
  to   space 512K, 0% used [0x00000000d5780000,0x00000000d5780000,0x00000000d5800000)
 ParOldGen       total 380928K, used 380511K [0x0000000080000000, 0x0000000097400000, 0x00000000d5580000)
  object space 380928K, 99% used [0x0000000080000000,0x0000000097397f68,0x0000000097400000)
 Metaspace       used 65047K, committed 66560K, reserved 1114112K
  class space    used 6713K, committed 7424K, reserved 1048576K
GC Heap History (20 events):
Event: 236.677 GC heap before
{Heap before GC invocations=1907 (full 3):
 PSYoungGen      total 1536K, used 1472K [0x00000000d5580000, 0x00000000d5800000, 0x0000000100000000)
  eden space 1024K, 100% used [0x00000000d5580000,0x00000000d5680000,0x00000000d5680000)
  from space 512K, 87% used [0x00000000d5700000,0x00000000d5770000,0x00000000d5780000)
  to   space 512K, 0% used [0x00000000d5780000,0x00000000d5780000,0x00000000d5800000)
 ParOldGen       total 379392K, used 379219K [0x0000000080000000, 0x0000000097280000, 0x00000000d5580000)
  object space 379392K, 99% used [0x0000000080000000,0x0000000097254ed8,0x0000000097280000)
 Metaspace       used 64912K, committed 66432K, reserved 1114112K
  class space    used 6712K, committed 7424K, reserved 1048576K
}
Event: 236.679 GC heap after
{Heap after GC invocations=1907 (full 3):
 PSYoungGen      total 1536K, used 512K [0x00000000d5580000, 0x00000000d5880000, 0x0000000100000000)
  eden space 1024K, 0% used [0x00000000d5580000,0x00000000d5580000,0x00000000d5680000)
  from space 512K, 100% used [0x00000000d5780000,0x00000000d5800000,0x00000000d5800000)
  to   space 1024K, 0% used [0x00000000d5680000,0x00000000d5680000,0x00000000d5780000)
 ParOldGen       total 379904K, used 379399K [0x0000000080000000, 0x0000000097300000, 0x00000000d5580000)
  object space 379904K, 99% used [0x0000000080000000,0x0000000097281ee8,0x0000000097300000)
 Metaspace       used 64912K, committed 66432K, reserved 1114112K
  class space    used 6712K, committed 7424K, reserved 1048576K
}
Event: 236.687 GC heap before
{Heap before GC invocations=1908 (full 3):
 PSYoungGen      total 1536K, used 1536K [0x00000000d5580000, 0x00000000d5880000, 0x0000000100000000)
  eden space 1024K, 100% used [0x00000000d5580000,0x00000000d5680000,0x00000000d5680000)
  from space 512K, 100% used [0x00000000d5780000,0x00000000d5800000,0x00000000d5800000)
  to   space 1024K, 0% used [0x00000000d5680000,0x00000000d5680000,0x00000000d5780000)
 ParOldGen       total 379904K, used 379399K [0x0000000080000000, 0x0000000097300000, 0x00000000d5580000)
  object space 379904K, 99% used [0x0000000080000000,0x0000000097281ee8,0x0000000097300000)
 Metaspace       used 64932K, committed 66432K, reserved 1114112K
  class space    used 6712K, committed 7424K, reserved 1048576K
}
Event: 236.689 GC heap after
{Heap after GC invocations=1908 (full 3):
 PSYoungGen      total 2048K, used 416K [0x00000000d5580000, 0x00000000d5800000, 0x0000000100000000)
  eden space 1024K, 0% used [0x00000000d5580000,0x00000000d5580000,0x00000000d5680000)
  from space 1024K, 40% used [0x00000000d5680000,0x00000000d56e8000,0x00000000d5780000)
  to   space 512K, 0% used [0x00000000d5780000,0x00000000d5780000,0x00000000d5800000)
 ParOldGen       total 379904K, used 379655K [0x0000000080000000, 0x0000000097300000, 0x00000000d5580000)
  object space 379904K, 99% used [0x0000000080000000,0x00000000972c1ee8,0x0000000097300000)
 Metaspace       used 64932K, committed 66432K, reserved 1114112K
  class space    used 6712K, committed 7424K, reserved 1048576K
}
Event: 236.699 GC heap before
{Heap before GC invocations=1909 (full 3):
 PSYoungGen      total 2048K, used 1440K [0x00000000d5580000, 0x00000000d5800000, 0x0000000100000000)
  eden space 1024K, 100% used [0x00000000d5580000,0x00000000d5680000,0x00000000d5680000)
  from space 1024K, 40% used [0x00000000d5680000,0x00000000d56e8000,0x00000000d5780000)
  to   space 512K, 0% used [0x00000000d5780000,0x00000000d5780000,0x00000000d5800000)
 ParOldGen       total 379904K, used 379655K [0x0000000080000000, 0x0000000097300000, 0x00000000d5580000)
  object space 379904K, 99% used [0x0000000080000000,0x00000000972c1ee8,0x0000000097300000)
 Metaspace       used 64934K, committed 66432K, reserved 1114112K
  class space    used 6712K, committed 7424K, reserved 1048576K
}
Event: 236.700 GC heap after
{Heap after GC invocations=1909 (full 3):
 PSYoungGen      total 1536K, used 448K [0x00000000d5580000, 0x00000000d5800000, 0x0000000100000000)
  eden space 1024K, 0% used [0x00000000d5580000,0x00000000d5580000,0x00000000d5680000)
  from space 512K, 87% used [0x00000000d5780000,0x00000000d57f0000,0x00000000d5800000)
  to   space 512K, 0% used [0x00000000d5700000,0x00000000d5700000,0x00000000d5780000)
 ParOldGen       total 379904K, used 379779K [0x0000000080000000, 0x0000000097300000, 0x00000000d5580000)
  object space 379904K, 99% used [0x0000000080000000,0x00000000972e0ef8,0x0000000097300000)
 Metaspace       used 64934K, committed 66432K, reserved 1114112K
  class space    used 6712K, committed 7424K, reserved 1048576K
}
Event: 236.718 GC heap before
{Heap before GC invocations=1910 (full 3):
 PSYoungGen      total 1536K, used 1472K [0x00000000d5580000, 0x00000000d5800000, 0x0000000100000000)
  eden space 1024K, 100% used [0x00000000d5580000,0x00000000d5680000,0x00000000d5680000)
  from space 512K, 87% used [0x00000000d5780000,0x00000000d57f0000,0x00000000d5800000)
  to   space 512K, 0% used [0x00000000d5700000,0x00000000d5700000,0x00000000d5780000)
 ParOldGen       total 379904K, used 379779K [0x0000000080000000, 0x0000000097300000, 0x00000000d5580000)
  object space 379904K, 99% used [0x0000000080000000,0x00000000972e0ef8,0x0000000097300000)
 Metaspace       used 64936K, committed 66432K, reserved 1114112K
  class space    used 6712K, committed 7424K, reserved 1048576K
}
Event: 236.719 GC heap after
{Heap after GC invocations=1910 (full 3):
 PSYoungGen      total 1536K, used 448K [0x00000000d5580000, 0x00000000d5800000, 0x0000000100000000)
  eden space 1024K, 0% used [0x00000000d5580000,0x00000000d5580000,0x00000000d5680000)
  from space 512K, 87% used [0x00000000d5700000,0x00000000d5770000,0x00000000d5780000)
  to   space 512K, 0% used [0x00000000d5780000,0x00000000d5780000,0x00000000d5800000)
 ParOldGen       total 380416K, used 379963K [0x0000000080000000, 0x0000000097380000, 0x00000000d5580000)
  object space 380416K, 99% used [0x0000000080000000,0x000000009730ef18,0x0000000097380000)
 Metaspace       used 64936K, committed 66432K, reserved 1114112K
  class space    used 6712K, committed 7424K, reserved 1048576K
}
Event: 236.727 GC heap before
{Heap before GC invocations=1911 (full 3):
 PSYoungGen      total 1536K, used 1470K [0x00000000d5580000, 0x00000000d5800000, 0x0000000100000000)
  eden space 1024K, 99% used [0x00000000d5580000,0x00000000d567f860,0x00000000d5680000)
  from space 512K, 87% used [0x00000000d5700000,0x00000000d5770000,0x00000000d5780000)
  to   space 512K, 0% used [0x00000000d5780000,0x00000000d5780000,0x00000000d5800000)
 ParOldGen       total 380416K, used 379963K [0x0000000080000000, 0x0000000097380000, 0x00000000d5580000)
  object space 380416K, 99% used [0x0000000080000000,0x000000009730ef18,0x0000000097380000)
 Metaspace       used 64936K, committed 66432K, reserved 1114112K
  class space    used 6712K, committed 7424K, reserved 1048576K
}
Event: 236.729 GC heap after
{Heap after GC invocations=1911 (full 3):
 PSYoungGen      total 1536K, used 320K [0x00000000d5580000, 0x00000000d5800000, 0x0000000100000000)
  eden space 1024K, 0% used [0x00000000d5580000,0x00000000d5580000,0x00000000d5680000)
  from space 512K, 62% used [0x00000000d5780000,0x00000000d57d0000,0x00000000d5800000)
  to   space 512K, 0% used [0x00000000d5700000,0x00000000d5700000,0x00000000d5780000)
 ParOldGen       total 380416K, used 380119K [0x0000000080000000, 0x0000000097380000, 0x00000000d5580000)
  object space 380416K, 99% used [0x0000000080000000,0x0000000097335f48,0x0000000097380000)
 Metaspace       used 64936K, committed 66432K, reserved 1114112K
  class space    used 6712K, committed 7424K, reserved 1048576K
}
Event: 1224.206 GC heap before
{Heap before GC invocations=1912 (full 3):
 PSYoungGen      total 1536K, used 1340K [0x00000000d5580000, 0x00000000d5800000, 0x0000000100000000)
  eden space 1024K, 99% used [0x00000000d5580000,0x00000000d567f1d0,0x00000000d5680000)
  from space 512K, 62% used [0x00000000d5780000,0x00000000d57d0000,0x00000000d5800000)
  to   space 512K, 0% used [0x00000000d5700000,0x00000000d5700000,0x00000000d5780000)
 ParOldGen       total 380416K, used 380119K [0x0000000080000000, 0x0000000097380000, 0x00000000d5580000)
  object space 380416K, 99% used [0x0000000080000000,0x0000000097335f48,0x0000000097380000)
 Metaspace       used 64962K, committed 66496K, reserved 1114112K
  class space    used 6713K, committed 7424K, reserved 1048576K
}
Event: 1224.251 GC heap after
{Heap after GC invocations=1912 (full 3):
 PSYoungGen      total 1536K, used 480K [0x00000000d5580000, 0x00000000d5800000, 0x0000000100000000)
  eden space 1024K, 0% used [0x00000000d5580000,0x00000000d5580000,0x00000000d5680000)
  from space 512K, 93% used [0x00000000d5700000,0x00000000d5778000,0x00000000d5780000)
  to   space 512K, 0% used [0x00000000d5780000,0x00000000d5780000,0x00000000d5800000)
 ParOldGen       total 380416K, used 380239K [0x0000000080000000, 0x0000000097380000, 0x00000000d5580000)
  object space 380416K, 99% used [0x0000000080000000,0x0000000097353f58,0x0000000097380000)
 Metaspace       used 64962K, committed 66496K, reserved 1114112K
  class space    used 6713K, committed 7424K, reserved 1048576K
}
Event: 5724.423 GC heap before
{Heap before GC invocations=1913 (full 3):
 PSYoungGen      total 1536K, used 1500K [0x00000000d5580000, 0x00000000d5800000, 0x0000000100000000)
  eden space 1024K, 99% used [0x00000000d5580000,0x00000000d567f310,0x00000000d5680000)
  from space 512K, 93% used [0x00000000d5700000,0x00000000d5778000,0x00000000d5780000)
  to   space 512K, 0% used [0x00000000d5780000,0x00000000d5780000,0x00000000d5800000)
 ParOldGen       total 380416K, used 380239K [0x0000000080000000, 0x0000000097380000, 0x00000000d5580000)
  object space 380416K, 99% used [0x0000000080000000,0x0000000097353f58,0x0000000097380000)
 Metaspace       used 65004K, committed 66560K, reserved 1114112K
  class space    used 6713K, committed 7424K, reserved 1048576K
}
Event: 5724.433 GC heap after
{Heap after GC invocations=1913 (full 3):
 PSYoungGen      total 1536K, used 288K [0x00000000d5580000, 0x00000000d5800000, 0x0000000100000000)
  eden space 1024K, 0% used [0x00000000d5580000,0x00000000d5580000,0x00000000d5680000)
  from space 512K, 56% used [0x00000000d5780000,0x00000000d57c8000,0x00000000d5800000)
  to   space 512K, 0% used [0x00000000d5700000,0x00000000d5700000,0x00000000d5780000)
 ParOldGen       total 380416K, used 380383K [0x0000000080000000, 0x0000000097380000, 0x00000000d5580000)
  object space 380416K, 99% used [0x0000000080000000,0x0000000097377f68,0x0000000097380000)
 Metaspace       used 65004K, committed 66560K, reserved 1114112K
  class space    used 6713K, committed 7424K, reserved 1048576K
}
Event: 10224.492 GC heap before
{Heap before GC invocations=1914 (full 3):
 PSYoungGen      total 1536K, used 1310K [0x00000000d5580000, 0x00000000d5800000, 0x0000000100000000)
  eden space 1024K, 99% used [0x00000000d5580000,0x00000000d567f988,0x00000000d5680000)
  from space 512K, 56% used [0x00000000d5780000,0x00000000d57c8000,0x00000000d5800000)
  to   space 512K, 0% used [0x00000000d5700000,0x00000000d5700000,0x00000000d5780000)
 ParOldGen       total 380416K, used 380383K [0x0000000080000000, 0x0000000097380000, 0x00000000d5580000)
  object space 380416K, 99% used [0x0000000080000000,0x0000000097377f68,0x0000000097380000)
 Metaspace       used 65039K, committed 66560K, reserved 1114112K
  class space    used 6713K, committed 7424K, reserved 1048576K
}
Event: 10224.504 GC heap after
{Heap after GC invocations=1914 (full 3):
 PSYoungGen      total 1536K, used 256K [0x00000000d5580000, 0x00000000d5800000, 0x0000000100000000)
  eden space 1024K, 0% used [0x00000000d5580000,0x00000000d5580000,0x00000000d5680000)
  from space 512K, 50% used [0x00000000d5700000,0x00000000d5740000,0x00000000d5780000)
  to   space 512K, 0% used [0x00000000d5780000,0x00000000d5780000,0x00000000d5800000)
 ParOldGen       total 380416K, used 380415K [0x0000000080000000, 0x0000000097380000, 0x00000000d5580000)
  object space 380416K, 99% used [0x0000000080000000,0x000000009737ff68,0x0000000097380000)
 Metaspace       used 65039K, committed 66560K, reserved 1114112K
  class space    used 6713K, committed 7424K, reserved 1048576K
}
Event: 14724.529 GC heap before
{Heap before GC invocations=1915 (full 3):
 PSYoungGen      total 1536K, used 1280K [0x00000000d5580000, 0x00000000d5800000, 0x0000000100000000)
  eden space 1024K, 100% used [0x00000000d5580000,0x00000000d5680000,0x00000000d5680000)
  from space 512K, 50% used [0x00000000d5700000,0x00000000d5740000,0x00000000d5780000)
  to   space 512K, 0% used [0x00000000d5780000,0x00000000d5780000,0x00000000d5800000)
 ParOldGen       total 380416K, used 380415K [0x0000000080000000, 0x0000000097380000, 0x00000000d5580000)
  object space 380416K, 99% used [0x0000000080000000,0x000000009737ff68,0x0000000097380000)
 Metaspace       used 65041K, committed 66560K, reserved 1114112K
  class space    used 6713K, committed 7424K, reserved 1048576K
}
Event: 14724.540 GC heap after
{Heap after GC invocations=1915 (full 3):
 PSYoungGen      total 1536K, used 320K [0x00000000d5580000, 0x00000000d5800000, 0x0000000100000000)
  eden space 1024K, 0% used [0x00000000d5580000,0x00000000d5580000,0x00000000d5680000)
  from space 512K, 62% used [0x00000000d5780000,0x00000000d57d0000,0x00000000d5800000)
  to   space 512K, 0% used [0x00000000d5700000,0x00000000d5700000,0x00000000d5780000)
 ParOldGen       total 380928K, used 380471K [0x0000000080000000, 0x0000000097400000, 0x00000000d5580000)
  object space 380928K, 99% used [0x0000000080000000,0x000000009738df68,0x0000000097400000)
 Metaspace       used 65041K, committed 66560K, reserved 1114112K
  class space    used 6713K, committed 7424K, reserved 1048576K
}
Event: 51803.336 GC heap before
{Heap before GC invocations=1916 (full 3):
 PSYoungGen      total 1536K, used 1343K [0x00000000d5580000, 0x00000000d5800000, 0x0000000100000000)
  eden space 1024K, 99% used [0x00000000d5580000,0x00000000d567ffe8,0x00000000d5680000)
  from space 512K, 62% used [0x00000000d5780000,0x00000000d57d0000,0x00000000d5800000)
  to   space 512K, 0% used [0x00000000d5700000,0x00000000d5700000,0x00000000d5780000)
 ParOldGen       total 380928K, used 380471K [0x0000000080000000, 0x0000000097400000, 0x00000000d5580000)
  object space 380928K, 99% used [0x0000000080000000,0x000000009738df68,0x0000000097400000)
 Metaspace       used 65043K, committed 66560K, reserved 1114112K
  class space    used 6713K, committed 7424K, reserved 1048576K
}
Event: 51803.365 GC heap after
{Heap after GC invocations=1916 (full 3):
 PSYoungGen      total 1536K, used 384K [0x00000000d5580000, 0x00000000d5800000, 0x0000000100000000)
  eden space 1024K, 0% used [0x00000000d5580000,0x00000000d5580000,0x00000000d5680000)
  from space 512K, 75% used [0x00000000d5700000,0x00000000d5760000,0x00000000d5780000)
  to   space 512K, 0% used [0x00000000d5780000,0x00000000d5780000,0x00000000d5800000)
 ParOldGen       total 380928K, used 380511K [0x0000000080000000, 0x0000000097400000, 0x00000000d5580000)
  object space 380928K, 99% used [0x0000000080000000,0x0000000097397f68,0x0000000097400000)
 Metaspace       used 65043K, committed 66560K, reserved 1114112K
  class space    used 6713K, committed 7424K, reserved 1048576K
}

