# JRE version: OpenJDK Runtime Environment Temurin-21.0.11+10 (21.0.11+10) (build 21.0.11+10-LTS)
# Java VM: OpenJDK 64-Bit Server VM Temurin-21.0.11+10 (21.0.11+10-LTS, mixed mode, sharing, tiered, compressed oops, compressed class ptrs, parallel gc, windows-amd64)
GC Precious Log:
 CardTable entry size: 512
 CPUs: 20 total, 20 available
 Memory: 16124M
 Large Page Support: Disabled
 NUMA Support: Disabled
 Compressed Oops: Enabled (32-bit)
 Alignments: Space 512K, Generation 512K, Heap 2M
 Heap Min Capacity: 100M
 Heap Initial Capacity: 100M
 Heap Max Capacity: 2G
 Pre-touch: Disabled
 Parallel Workers: 15
Heap:
 PSYoungGen      total 10752K, used 8386K [0x00000000d5580000, 0x00000000d6300000, 0x0000000100000000)
  eden space 9216K, 77% used [0x00000000d5580000,0x00000000d5c6e7b8,0x00000000d5e80000)
  from space 1536K, 93% used [0x00000000d6180000,0x00000000d62e8000,0x00000000d6300000)
  to   space 2048K, 0% used [0x00000000d5f00000,0x00000000d5f00000,0x00000000d6100000)
 ParOldGen       total 96256K, used 95817K [0x0000000080000000, 0x0000000085e00000, 0x00000000d5580000)
  object space 96256K, 99% used [0x0000000080000000,0x0000000085d92588,0x0000000085e00000)
 Metaspace       used 51945K, committed 53312K, reserved 1114112K
  class space    used 5585K, committed 6208K, reserved 1048576K
GC Heap History (20 events):
Event: 15.247 GC heap after
{Heap after GC invocations=62 (full 2):
 PSYoungGen      total 10752K, used 1152K [0x00000000d5580000, 0x00000000d6180000, 0x0000000100000000)
  eden space 9216K, 0% used [0x00000000d5580000,0x00000000d5580000,0x00000000d5e80000)
  from space 1536K, 75% used [0x00000000d6000000,0x00000000d6120000,0x00000000d6180000)
  to   space 1536K, 0% used [0x00000000d5e80000,0x00000000d5e80000,0x00000000d6000000)
 ParOldGen       total 81408K, used 80955K [0x0000000080000000, 0x0000000084f80000, 0x00000000d5580000)
  object space 81408K, 99% used [0x0000000080000000,0x0000000084f0eee0,0x0000000084f80000)
 Metaspace       used 51223K, committed 52544K, reserved 1114112K
  class space    used 5505K, committed 6080K, reserved 1048576K
}
Event: 15.269 GC heap before
{Heap before GC invocations=63 (full 2):
 PSYoungGen      total 10752K, used 10368K [0x00000000d5580000, 0x00000000d6180000, 0x0000000100000000)
  eden space 9216K, 100% used [0x00000000d5580000,0x00000000d5e80000,0x00000000d5e80000)
  from space 1536K, 75% used [0x00000000d6000000,0x00000000d6120000,0x00000000d6180000)
  to   space 1536K, 0% used [0x00000000d5e80000,0x00000000d5e80000,0x00000000d6000000)
 ParOldGen       total 81408K, used 80955K [0x0000000080000000, 0x0000000084f80000, 0x00000000d5580000)
  object space 81408K, 99% used [0x0000000080000000,0x0000000084f0eee0,0x0000000084f80000)
 Metaspace       used 51374K, committed 52736K, reserved 1114112K
  class space    used 5527K, committed 6144K, reserved 1048576K
}
Event: 15.270 GC heap after
{Heap after GC invocations=63 (full 2):
 PSYoungGen      total 10752K, used 1248K [0x00000000d5580000, 0x00000000d6180000, 0x0000000100000000)
  eden space 9216K, 0% used [0x00000000d5580000,0x00000000d5580000,0x00000000d5e80000)
  from space 1536K, 81% used [0x00000000d5e80000,0x00000000d5fb8000,0x00000000d6000000)
  to   space 1536K, 0% used [0x00000000d6000000,0x00000000d6000000,0x00000000d6180000)
 ParOldGen       total 82432K, used 81931K [0x0000000080000000, 0x0000000085080000, 0x00000000d5580000)
  object space 82432K, 99% used [0x0000000080000000,0x0000000085002ee0,0x0000000085080000)
 Metaspace       used 51374K, committed 52736K, reserved 1114112K
  class space    used 5527K, committed 6144K, reserved 1048576K
}
Event: 15.291 GC heap before
{Heap before GC invocations=64 (full 2):
 PSYoungGen      total 10752K, used 10464K [0x00000000d5580000, 0x00000000d6180000, 0x0000000100000000)
  eden space 9216K, 100% used [0x00000000d5580000,0x00000000d5e80000,0x00000000d5e80000)
  from space 1536K, 81% used [0x00000000d5e80000,0x00000000d5fb8000,0x00000000d6000000)
  to   space 1536K, 0% used [0x00000000d6000000,0x00000000d6000000,0x00000000d6180000)
 ParOldGen       total 82432K, used 81931K [0x0000000080000000, 0x0000000085080000, 0x00000000d5580000)
  object space 82432K, 99% used [0x0000000080000000,0x0000000085002f10,0x0000000085080000)
 Metaspace       used 51554K, committed 52864K, reserved 1114112K
  class space    used 5561K, committed 6144K, reserved 1048576K
}
Event: 15.292 GC heap after
{Heap after GC invocations=64 (full 2):
 PSYoungGen      total 10752K, used 1024K [0x00000000d5580000, 0x00000000d6180000, 0x0000000100000000)
  eden space 9216K, 0% used [0x00000000d5580000,0x00000000d5580000,0x00000000d5e80000)
  from space 1536K, 66% used [0x00000000d6000000,0x00000000d6100000,0x00000000d6180000)
  to   space 1536K, 0% used [0x00000000d5e80000,0x00000000d5e80000,0x00000000d6000000)
 ParOldGen       total 83456K, used 82947K [0x0000000080000000, 0x0000000085180000, 0x00000000d5580000)
  object space 83456K, 99% used [0x0000000080000000,0x0000000085100f10,0x0000000085180000)
 Metaspace       used 51554K, committed 52864K, reserved 1114112K
  class space    used 5561K, committed 6144K, reserved 1048576K
}
Event: 15.317 GC heap before
{Heap before GC invocations=65 (full 2):
 PSYoungGen      total 10752K, used 10240K [0x00000000d5580000, 0x00000000d6180000, 0x0000000100000000)
  eden space 9216K, 100% used [0x00000000d5580000,0x00000000d5e80000,0x00000000d5e80000)
  from space 1536K, 66% used [0x00000000d6000000,0x00000000d6100000,0x00000000d6180000)
  to   space 1536K, 0% used [0x00000000d5e80000,0x00000000d5e80000,0x00000000d6000000)
 ParOldGen       total 83456K, used 82985K [0x0000000080000000, 0x0000000085180000, 0x00000000d5580000)
  object space 83456K, 99% used [0x0000000080000000,0x000000008510a520,0x0000000085180000)
 Metaspace       used 51588K, committed 52928K, reserved 1114112K
  class space    used 5567K, committed 6144K, reserved 1048576K
}
Event: 15.318 GC heap after
{Heap after GC invocations=65 (full 2):
 PSYoungGen      total 10752K, used 1216K [0x00000000d5580000, 0x00000000d6180000, 0x0000000100000000)
  eden space 9216K, 0% used [0x00000000d5580000,0x00000000d5580000,0x00000000d5e80000)
  from space 1536K, 79% used [0x00000000d5e80000,0x00000000d5fb0000,0x00000000d6000000)
  to   space 1536K, 0% used [0x00000000d6000000,0x00000000d6000000,0x00000000d6180000)
 ParOldGen       total 83968K, used 83809K [0x0000000080000000, 0x0000000085200000, 0x00000000d5580000)
  object space 83968K, 99% used [0x0000000080000000,0x00000000851d8520,0x0000000085200000)
 Metaspace       used 51588K, committed 52928K, reserved 1114112K
  class space    used 5567K, committed 6144K, reserved 1048576K
}
Event: 15.344 GC heap before
{Heap before GC invocations=66 (full 2):
 PSYoungGen      total 10752K, used 10432K [0x00000000d5580000, 0x00000000d6180000, 0x0000000100000000)
  eden space 9216K, 100% used [0x00000000d5580000,0x00000000d5e80000,0x00000000d5e80000)
  from space 1536K, 79% used [0x00000000d5e80000,0x00000000d5fb0000,0x00000000d6000000)
  to   space 1536K, 0% used [0x00000000d6000000,0x00000000d6000000,0x00000000d6180000)
 ParOldGen       total 83968K, used 83809K [0x0000000080000000, 0x0000000085200000, 0x00000000d5580000)
  object space 83968K, 99% used [0x0000000080000000,0x00000000851d8520,0x0000000085200000)
 Metaspace       used 51656K, committed 52992K, reserved 1114112K
  class space    used 5574K, committed 6144K, reserved 1048576K
}
Event: 15.346 GC heap after
{Heap after GC invocations=66 (full 2):
 PSYoungGen      total 10752K, used 1152K [0x00000000d5580000, 0x00000000d6180000, 0x0000000100000000)
  eden space 9216K, 0% used [0x00000000d5580000,0x00000000d5580000,0x00000000d5e80000)
  from space 1536K, 75% used [0x00000000d6000000,0x00000000d6120000,0x00000000d6180000)
  to   space 1536K, 0% used [0x00000000d5e80000,0x00000000d5e80000,0x00000000d6000000)
 ParOldGen       total 84992K, used 84837K [0x0000000080000000, 0x0000000085300000, 0x00000000d5580000)
  object space 84992K, 99% used [0x0000000080000000,0x00000000852d9530,0x0000000085300000)
 Metaspace       used 51656K, committed 52992K, reserved 1114112K
  class space    used 5574K, committed 6144K, reserved 1048576K
}
Event: 15.375 GC heap before
{Heap before GC invocations=67 (full 2):
 PSYoungGen      total 10752K, used 10368K [0x00000000d5580000, 0x00000000d6180000, 0x0000000100000000)
  eden space 9216K, 100% used [0x00000000d5580000,0x00000000d5e80000,0x00000000d5e80000)
  from space 1536K, 75% used [0x00000000d6000000,0x00000000d6120000,0x00000000d6180000)
  to   space 1536K, 0% used [0x00000000d5e80000,0x00000000d5e80000,0x00000000d6000000)
 ParOldGen       total 84992K, used 84837K [0x0000000080000000, 0x0000000085300000, 0x00000000d5580000)
  object space 84992K, 99% used [0x0000000080000000,0x00000000852d9530,0x0000000085300000)
 Metaspace       used 51696K, committed 53056K, reserved 1114112K
  class space    used 5579K, committed 6208K, reserved 1048576K
}
Event: 15.376 GC heap after
{Heap after GC invocations=67 (full 2):
 PSYoungGen      total 10752K, used 1536K [0x00000000d5580000, 0x00000000d6480000, 0x0000000100000000)
  eden space 9216K, 0% used [0x00000000d5580000,0x00000000d5580000,0x00000000d5e80000)
  from space 1536K, 100% used [0x00000000d5e80000,0x00000000d6000000,0x00000000d6000000)
  to   space 3072K, 0% used [0x00000000d6180000,0x00000000d6180000,0x00000000d6480000)
 ParOldGen       total 86016K, used 85893K [0x0000000080000000, 0x0000000085400000, 0x00000000d5580000)
  object space 86016K, 99% used [0x0000000080000000,0x00000000853e1530,0x0000000085400000)
 Metaspace       used 51696K, committed 53056K, reserved 1114112K
  class space    used 5579K, committed 6208K, reserved 1048576K
}
Event: 15.402 GC heap before
{Heap before GC invocations=68 (full 2):
 PSYoungGen      total 10752K, used 10752K [0x00000000d5580000, 0x00000000d6480000, 0x0000000100000000)
  eden space 9216K, 100% used [0x00000000d5580000,0x00000000d5e80000,0x00000000d5e80000)
  from space 1536K, 100% used [0x00000000d5e80000,0x00000000d6000000,0x00000000d6000000)
  to   space 3072K, 0% used [0x00000000d6180000,0x00000000d6180000,0x00000000d6480000)
 ParOldGen       total 86016K, used 85893K [0x0000000080000000, 0x0000000085400000, 0x00000000d5580000)
  object space 86016K, 99% used [0x0000000080000000,0x00000000853e1530,0x0000000085400000)
 Metaspace       used 51769K, committed 53120K, reserved 1114112K
  class space    used 5580K, committed 6208K, reserved 1048576K
}
Event: 15.404 GC heap after
{Heap after GC invocations=68 (full 2):
 PSYoungGen      total 10752K, used 1376K [0x00000000d5580000, 0x00000000d6300000, 0x0000000100000000)
  eden space 9216K, 0% used [0x00000000d5580000,0x00000000d5580000,0x00000000d5e80000)
  from space 1536K, 89% used [0x00000000d6180000,0x00000000d62d8000,0x00000000d6300000)
  to   space 2048K, 0% used [0x00000000d5f00000,0x00000000d5f00000,0x00000000d6100000)
 ParOldGen       total 87552K, used 87237K [0x0000000080000000, 0x0000000085580000, 0x00000000d5580000)
  object space 87552K, 99% used [0x0000000080000000,0x0000000085531530,0x0000000085580000)
 Metaspace       used 51769K, committed 53120K, reserved 1114112K
  class space    used 5580K, committed 6208K, reserved 1048576K
}
Event: 15.435 GC heap before
{Heap before GC invocations=69 (full 2):
 PSYoungGen      total 10752K, used 10592K [0x00000000d5580000, 0x00000000d6300000, 0x0000000100000000)
  eden space 9216K, 100% used [0x00000000d5580000,0x00000000d5e80000,0x00000000d5e80000)
  from space 1536K, 89% used [0x00000000d6180000,0x00000000d62d8000,0x00000000d6300000)
  to   space 2048K, 0% used [0x00000000d5f00000,0x00000000d5f00000,0x00000000d6100000)
 ParOldGen       total 87552K, used 87237K [0x0000000080000000, 0x0000000085580000, 0x00000000d5580000)
  object space 87552K, 99% used [0x0000000080000000,0x0000000085531530,0x0000000085580000)
 Metaspace       used 51808K, committed 53120K, reserved 1114112K
  class space    used 5584K, committed 6208K, reserved 1048576K
}
Event: 15.436 GC heap after
{Heap after GC invocations=69 (full 2):
 PSYoungGen      total 10752K, used 1184K [0x00000000d5580000, 0x00000000d6200000, 0x0000000100000000)
  eden space 9216K, 0% used [0x00000000d5580000,0x00000000d5580000,0x00000000d5e80000)
  from space 1536K, 77% used [0x00000000d5f00000,0x00000000d6028000,0x00000000d6080000)
  to   space 1536K, 0% used [0x00000000d6080000,0x00000000d6080000,0x00000000d6200000)
 ParOldGen       total 88576K, used 88381K [0x0000000080000000, 0x0000000085680000, 0x00000000d5580000)
  object space 88576K, 99% used [0x0000000080000000,0x000000008564f530,0x0000000085680000)
 Metaspace       used 51808K, committed 53120K, reserved 1114112K
  class space    used 5584K, committed 6208K, reserved 1048576K
}
Event: 15.462 GC heap before
{Heap before GC invocations=70 (full 2):
 PSYoungGen      total 10752K, used 10400K [0x00000000d5580000, 0x00000000d6200000, 0x0000000100000000)
  eden space 9216K, 100% used [0x00000000d5580000,0x00000000d5e80000,0x00000000d5e80000)
  from space 1536K, 77% used [0x00000000d5f00000,0x00000000d6028000,0x00000000d6080000)
  to   space 1536K, 0% used [0x00000000d6080000,0x00000000d6080000,0x00000000d6200000)
 ParOldGen       total 88576K, used 88381K [0x0000000080000000, 0x0000000085680000, 0x00000000d5580000)
  object space 88576K, 99% used [0x0000000080000000,0x000000008564f530,0x0000000085680000)
 Metaspace       used 51829K, committed 53184K, reserved 1114112K
  class space    used 5584K, committed 6208K, reserved 1048576K
}
Event: 15.463 GC heap after
{Heap after GC invocations=70 (full 2):
 PSYoungGen      total 10752K, used 1200K [0x00000000d5580000, 0x00000000d6200000, 0x0000000100000000)
  eden space 9216K, 0% used [0x00000000d5580000,0x00000000d5580000,0x00000000d5e80000)
  from space 1536K, 78% used [0x00000000d6080000,0x00000000d61ac010,0x00000000d6200000)
  to   space 1536K, 0% used [0x00000000d5f00000,0x00000000d5f00000,0x00000000d6080000)
 ParOldGen       total 89600K, used 89257K [0x0000000080000000, 0x0000000085780000, 0x00000000d5580000)
  object space 89600K, 99% used [0x0000000080000000,0x000000008572a540,0x0000000085780000)
 Metaspace       used 51829K, committed 53184K, reserved 1114112K
  class space    used 5584K, committed 6208K, reserved 1048576K
}
Event: 15.487 GC heap before
{Heap before GC invocations=71 (full 2):
 PSYoungGen      total 10752K, used 10416K [0x00000000d5580000, 0x00000000d6200000, 0x0000000100000000)
  eden space 9216K, 100% used [0x00000000d5580000,0x00000000d5e80000,0x00000000d5e80000)
  from space 1536K, 78% used [0x00000000d6080000,0x00000000d61ac010,0x00000000d6200000)
  to   space 1536K, 0% used [0x00000000d5f00000,0x00000000d5f00000,0x00000000d6080000)
 ParOldGen       total 89600K, used 89257K [0x0000000080000000, 0x0000000085780000, 0x00000000d5580000)
  object space 89600K, 99% used [0x0000000080000000,0x000000008572a540,0x0000000085780000)
 Metaspace       used 51847K, committed 53248K, reserved 1114112K
  class space    used 5584K, committed 6208K, reserved 1048576K
}
Event: 15.490 GC heap after
{Heap after GC invocations=71 (full 2):
 PSYoungGen      total 10752K, used 1280K [0x00000000d5580000, 0x00000000d6180000, 0x0000000100000000)
  eden space 9216K, 0% used [0x00000000d5580000,0x00000000d5580000,0x00000000d5e80000)
  from space 1536K, 83% used [0x00000000d5f00000,0x00000000d6040010,0x00000000d6080000)
  to   space 1024K, 0% used [0x00000000d6080000,0x00000000d6080000,0x00000000d6180000)
 ParOldGen       total 92160K, used 92001K [0x0000000080000000, 0x0000000085a00000, 0x00000000d5580000)
  object space 92160K, 99% used [0x0000000080000000,0x00000000859d8548,0x0000000085a00000)
 Metaspace       used 51847K, committed 53248K, reserved 1114112K
  class space    used 5584K, committed 6208K, reserved 1048576K
}
Event: 15.530 GC heap before
{Heap before GC invocations=72 (full 2):
 PSYoungGen      total 10752K, used 10496K [0x00000000d5580000, 0x00000000d6180000, 0x0000000100000000)
  eden space 9216K, 100% used [0x00000000d5580000,0x00000000d5e80000,0x00000000d5e80000)
  from space 1536K, 83% used [0x00000000d5f00000,0x00000000d6040010,0x00000000d6080000)
  to   space 1024K, 0% used [0x00000000d6080000,0x00000000d6080000,0x00000000d6180000)
 ParOldGen       total 92160K, used 92001K [0x0000000080000000, 0x0000000085a00000, 0x00000000d5580000)
  object space 92160K, 99% used [0x0000000080000000,0x00000000859d8548,0x0000000085a00000)
 Metaspace       used 51889K, committed 53248K, reserved 1114112K
  class space    used 5584K, committed 6208K, reserved 1048576K
}

