# JRE version: OpenJDK Runtime Environment Temurin-21.0.11+10 (21.0.11+10) (build 21.0.11+10-LTS)
# Java VM: OpenJDK 64-Bit Server VM Temurin-21.0.11+10 (21.0.11+10-LTS, mixed mode, sharing, tiered, compressed oops, compressed class ptrs, parallel gc, windows-amd64)
GC Precious Log:
 CardTable entry size: 512
 CPUs: 20 total, 20 available
 Memory: 16124M
 Large Page Support: Disabled
 NUMA Support: Disabled
 Compressed Oops: Enabled (32-bit)
 Alignments: Space 512K, Generation 512K, Heap 2M
 Heap Min Capacity: 100M
 Heap Initial Capacity: 100M
 Heap Max Capacity: 2G
 Pre-touch: Disabled
 Parallel Workers: 15
Heap:
 PSYoungGen      total 6144K, used 4192K [0x00000000d5580000, 0x00000000d5d80000, 0x0000000100000000)
  eden space 3072K, 100% used [0x00000000d5580000,0x00000000d5880000,0x00000000d5880000)
  from space 3072K, 36% used [0x00000000d5880000,0x00000000d5998000,0x00000000d5b80000)
  to   space 2048K, 29% used [0x00000000d5b80000,0x00000000d5c18000,0x00000000d5d80000)
 ParOldGen       total 344576K, used 344495K [0x0000000080000000, 0x0000000095080000, 0x00000000d5580000)
  object space 344576K, 99% used [0x0000000080000000,0x000000009506bee0,0x0000000095080000)
 Metaspace       used 51853K, committed 53184K, reserved 1114112K
  class space    used 5581K, committed 6144K, reserved 1048576K
GC Heap History (20 events):
Event: 11.710 GC heap before
{Heap before GC invocations=420 (full 2):
 PSYoungGen      total 6144K, used 5791K [0x00000000d5580000, 0x00000000d5e80000, 0x0000000100000000)
  eden space 3584K, 99% used [0x00000000d5580000,0x00000000d58fffe0,0x00000000d5900000)
  from space 2560K, 86% used [0x00000000d5a00000,0x00000000d5c28000,0x00000000d5c80000)
  to   space 2048K, 0% used [0x00000000d5c80000,0x00000000d5c80000,0x00000000d5e80000)
 ParOldGen       total 326656K, used 326204K [0x0000000080000000, 0x0000000093f00000, 0x00000000d5580000)
  object space 326656K, 99% used [0x0000000080000000,0x0000000093e8f370,0x0000000093f00000)
 Metaspace       used 51365K, committed 52736K, reserved 1114112K
  class space    used 5507K, committed 6080K, reserved 1048576K
}
Event: 11.712 GC heap after
{Heap after GC invocations=420 (full 2):
 PSYoungGen      total 4096K, used 2048K [0x00000000d5580000, 0x00000000d6300000, 0x0000000100000000)
  eden space 2048K, 0% used [0x00000000d5580000,0x00000000d5580000,0x00000000d5780000)
  from space 2048K, 100% used [0x00000000d5c80000,0x00000000d5e80000,0x00000000d5e80000)
  to   space 5120K, 0% used [0x00000000d5780000,0x00000000d5780000,0x00000000d5c80000)
 ParOldGen       total 328704K, used 328504K [0x0000000080000000, 0x0000000094100000, 0x00000000d5580000)
  object space 328704K, 99% used [0x0000000080000000,0x00000000940ce310,0x0000000094100000)
 Metaspace       used 51365K, committed 52736K, reserved 1114112K
  class space    used 5507K, committed 6080K, reserved 1048576K
}
Event: 11.718 GC heap before
{Heap before GC invocations=421 (full 2):
 PSYoungGen      total 4096K, used 4095K [0x00000000d5580000, 0x00000000d6300000, 0x0000000100000000)
  eden space 2048K, 99% used [0x00000000d5580000,0x00000000d577ff80,0x00000000d5780000)
  from space 2048K, 100% used [0x00000000d5c80000,0x00000000d5e80000,0x00000000d5e80000)
  to   space 5120K, 0% used [0x00000000d5780000,0x00000000d5780000,0x00000000d5c80000)
 ParOldGen       total 328704K, used 328504K [0x0000000080000000, 0x0000000094100000, 0x00000000d5580000)
  object space 328704K, 99% used [0x0000000080000000,0x00000000940ce310,0x0000000094100000)
 Metaspace       used 51383K, committed 52736K, reserved 1114112K
  class space    used 5508K, committed 6080K, reserved 1048576K
}
Event: 11.720 GC heap after
{Heap after GC invocations=421 (full 2):
 PSYoungGen      total 4096K, used 1568K [0x00000000d5580000, 0x00000000d5d80000, 0x0000000100000000)
  eden space 2048K, 0% used [0x00000000d5580000,0x00000000d5580000,0x00000000d5780000)
  from space 2048K, 76% used [0x00000000d5780000,0x00000000d5908000,0x00000000d5980000)
  to   space 3072K, 0% used [0x00000000d5a80000,0x00000000d5a80000,0x00000000d5d80000)
 ParOldGen       total 330752K, used 330584K [0x0000000080000000, 0x0000000094300000, 0x00000000d5580000)
  object space 330752K, 99% used [0x0000000080000000,0x00000000942d6220,0x0000000094300000)
 Metaspace       used 51383K, committed 52736K, reserved 1114112K
  class space    used 5508K, committed 6080K, reserved 1048576K
}
Event: 11.725 GC heap before
{Heap before GC invocations=422 (full 2):
 PSYoungGen      total 4096K, used 3616K [0x00000000d5580000, 0x00000000d5d80000, 0x0000000100000000)
  eden space 2048K, 100% used [0x00000000d5580000,0x00000000d5780000,0x00000000d5780000)
  from space 2048K, 76% used [0x00000000d5780000,0x00000000d5908000,0x00000000d5980000)
  to   space 3072K, 0% used [0x00000000d5a80000,0x00000000d5a80000,0x00000000d5d80000)
 ParOldGen       total 330752K, used 330584K [0x0000000080000000, 0x0000000094300000, 0x00000000d5580000)
  object space 330752K, 99% used [0x0000000080000000,0x00000000942d6220,0x0000000094300000)
 Metaspace       used 51416K, committed 52736K, reserved 1114112K
  class space    used 5513K, committed 6080K, reserved 1048576K
}
Event: 11.726 GC heap after
{Heap after GC invocations=422 (full 2):
 PSYoungGen      total 4096K, used 1664K [0x00000000d5580000, 0x00000000d5c80000, 0x0000000100000000)
  eden space 2048K, 0% used [0x00000000d5580000,0x00000000d5580000,0x00000000d5780000)
  from space 2048K, 81% used [0x00000000d5a80000,0x00000000d5c20000,0x00000000d5c80000)
  to   space 2048K, 0% used [0x00000000d5780000,0x00000000d5780000,0x00000000d5980000)
 ParOldGen       total 332288K, used 331934K [0x0000000080000000, 0x0000000094480000, 0x00000000d5580000)
  object space 332288K, 99% used [0x0000000080000000,0x0000000094427b80,0x0000000094480000)
 Metaspace       used 51416K, committed 52736K, reserved 1114112K
  class space    used 5513K, committed 6080K, reserved 1048576K
}
Event: 11.728 GC heap before
{Heap before GC invocations=423 (full 2):
 PSYoungGen      total 4096K, used 3712K [0x00000000d5580000, 0x00000000d5c80000, 0x0000000100000000)
  eden space 2048K, 100% used [0x00000000d5580000,0x00000000d5780000,0x00000000d5780000)
  from space 2048K, 81% used [0x00000000d5a80000,0x00000000d5c20000,0x00000000d5c80000)
  to   space 2048K, 0% used [0x00000000d5780000,0x00000000d5780000,0x00000000d5980000)
 ParOldGen       total 332288K, used 331934K [0x0000000080000000, 0x0000000094480000, 0x00000000d5580000)
  object space 332288K, 99% used [0x0000000080000000,0x0000000094427b80,0x0000000094480000)
 Metaspace       used 51426K, committed 52800K, reserved 1114112K
  class space    used 5514K, committed 6080K, reserved 1048576K
}
Event: 11.729 GC heap after
{Heap after GC invocations=423 (full 2):
 PSYoungGen      total 4096K, used 1891K [0x00000000d5580000, 0x00000000d5b80000, 0x0000000100000000)
  eden space 2048K, 0% used [0x00000000d5580000,0x00000000d5580000,0x00000000d5780000)
  from space 2048K, 92% used [0x00000000d5780000,0x00000000d5958e50,0x00000000d5980000)
  to   space 2048K, 0% used [0x00000000d5980000,0x00000000d5980000,0x00000000d5b80000)
 ParOldGen       total 333824K, used 333436K [0x0000000080000000, 0x0000000094600000, 0x00000000d5580000)
  object space 333824K, 99% used [0x0000000080000000,0x000000009459f260,0x0000000094600000)
 Metaspace       used 51426K, committed 52800K, reserved 1114112K
  class space    used 5514K, committed 6080K, reserved 1048576K
}
Event: 11.732 GC heap before
{Heap before GC invocations=424 (full 2):
 PSYoungGen      total 4096K, used 3939K [0x00000000d5580000, 0x00000000d5b80000, 0x0000000100000000)
  eden space 2048K, 100% used [0x00000000d5580000,0x00000000d5780000,0x00000000d5780000)
  from space 2048K, 92% used [0x00000000d5780000,0x00000000d5958e50,0x00000000d5980000)
  to   space 2048K, 0% used [0x00000000d5980000,0x00000000d5980000,0x00000000d5b80000)
 ParOldGen       total 333824K, used 333436K [0x0000000080000000, 0x0000000094600000, 0x00000000d5580000)
  object space 333824K, 99% used [0x0000000080000000,0x000000009459f260,0x0000000094600000)
 Metaspace       used 51452K, committed 52800K, reserved 1114112K
  class space    used 5517K, committed 6080K, reserved 1048576K
}
Event: 11.733 GC heap after
{Heap after GC invocations=424 (full 2):
 PSYoungGen      total 4096K, used 1760K [0x00000000d5580000, 0x00000000d5c00000, 0x0000000100000000)
  eden space 2048K, 0% used [0x00000000d5580000,0x00000000d5580000,0x00000000d5780000)
  from space 2048K, 85% used [0x00000000d5980000,0x00000000d5b38000,0x00000000d5b80000)
  to   space 2048K, 0% used [0x00000000d5780000,0x00000000d5780000,0x00000000d5980000)
 ParOldGen       total 335360K, used 335103K [0x0000000080000000, 0x0000000094780000, 0x00000000d5580000)
  object space 335360K, 99% used [0x0000000080000000,0x000000009473fdf0,0x0000000094780000)
 Metaspace       used 51452K, committed 52800K, reserved 1114112K
  class space    used 5517K, committed 6080K, reserved 1048576K
}
Event: 11.735 GC heap before
{Heap before GC invocations=425 (full 2):
 PSYoungGen      total 4096K, used 3808K [0x00000000d5580000, 0x00000000d5c00000, 0x0000000100000000)
  eden space 2048K, 100% used [0x00000000d5580000,0x00000000d5780000,0x00000000d5780000)
  from space 2048K, 85% used [0x00000000d5980000,0x00000000d5b38000,0x00000000d5b80000)
  to   space 2048K, 0% used [0x00000000d5780000,0x00000000d5780000,0x00000000d5980000)
 ParOldGen       total 335360K, used 335103K [0x0000000080000000, 0x0000000094780000, 0x00000000d5580000)
  object space 335360K, 99% used [0x0000000080000000,0x000000009473fdf0,0x0000000094780000)
 Metaspace       used 51471K, committed 52800K, reserved 1114112K
  class space    used 5519K, committed 6080K, reserved 1048576K
}
Event: 11.736 GC heap after
{Heap after GC invocations=425 (full 2):
 PSYoungGen      total 4096K, used 1856K [0x00000000d5580000, 0x00000000d5c00000, 0x0000000100000000)
  eden space 2048K, 0% used [0x00000000d5580000,0x00000000d5580000,0x00000000d5780000)
  from space 2048K, 90% used [0x00000000d5780000,0x00000000d5950000,0x00000000d5980000)
  to   space 2048K, 0% used [0x00000000d5a00000,0x00000000d5a00000,0x00000000d5c00000)
 ParOldGen       total 336896K, used 336650K [0x0000000080000000, 0x0000000094900000, 0x00000000d5580000)
  object space 336896K, 99% used [0x0000000080000000,0x00000000948c2a68,0x0000000094900000)
 Metaspace       used 51471K, committed 52800K, reserved 1114112K
  class space    used 5519K, committed 6080K, reserved 1048576K
}
Event: 11.739 GC heap before
{Heap before GC invocations=426 (full 2):
 PSYoungGen      total 4096K, used 3904K [0x00000000d5580000, 0x00000000d5c00000, 0x0000000100000000)
  eden space 2048K, 100% used [0x00000000d5580000,0x00000000d5780000,0x00000000d5780000)
  from space 2048K, 90% used [0x00000000d5780000,0x00000000d5950000,0x00000000d5980000)
  to   space 2048K, 0% used [0x00000000d5a00000,0x00000000d5a00000,0x00000000d5c00000)
 ParOldGen       total 336896K, used 336650K [0x0000000080000000, 0x0000000094900000, 0x00000000d5580000)
  object space 336896K, 99% used [0x0000000080000000,0x00000000948c2a68,0x0000000094900000)
 Metaspace       used 51485K, committed 52800K, reserved 1114112K
  class space    used 5521K, committed 6080K, reserved 1048576K
}
Event: 11.741 GC heap after
{Heap after GC invocations=426 (full 2):
 PSYoungGen      total 4608K, used 1856K [0x00000000d5580000, 0x00000000d5c00000, 0x0000000100000000)
  eden space 2560K, 0% used [0x00000000d5580000,0x00000000d5580000,0x00000000d5800000)
  from space 2048K, 90% used [0x00000000d5a00000,0x00000000d5bd0000,0x00000000d5c00000)
  to   space 2048K, 0% used [0x00000000d5800000,0x00000000d5800000,0x00000000d5a00000)
 ParOldGen       total 338432K, used 338220K [0x0000000080000000, 0x0000000094a80000, 0x00000000d5580000)
  object space 338432K, 99% used [0x0000000080000000,0x0000000094a4b100,0x0000000094a80000)
 Metaspace       used 51485K, committed 52800K, reserved 1114112K
  class space    used 5521K, committed 6080K, reserved 1048576K
}
Event: 11.743 GC heap before
{Heap before GC invocations=427 (full 2):
 PSYoungGen      total 4608K, used 4415K [0x00000000d5580000, 0x00000000d5c00000, 0x0000000100000000)
  eden space 2560K, 99% used [0x00000000d5580000,0x00000000d57fffe8,0x00000000d5800000)
  from space 2048K, 90% used [0x00000000d5a00000,0x00000000d5bd0000,0x00000000d5c00000)
  to   space 2048K, 0% used [0x00000000d5800000,0x00000000d5800000,0x00000000d5a00000)
 ParOldGen       total 338432K, used 338220K [0x0000000080000000, 0x0000000094a80000, 0x00000000d5580000)
  object space 338432K, 99% used [0x0000000080000000,0x0000000094a4b100,0x0000000094a80000)
 Metaspace       used 51500K, committed 52800K, reserved 1114112K
  class space    used 5525K, committed 6080K, reserved 1048576K
}
Event: 11.745 GC heap after
{Heap after GC invocations=427 (full 2):
 PSYoungGen      total 4608K, used 2048K [0x00000000d5580000, 0x00000000d6080000, 0x0000000100000000)
  eden space 2560K, 0% used [0x00000000d5580000,0x00000000d5580000,0x00000000d5800000)
  from space 2048K, 100% used [0x00000000d5800000,0x00000000d5a00000,0x00000000d5a00000)
  to   space 4096K, 0% used [0x00000000d5c80000,0x00000000d5c80000,0x00000000d6080000)
 ParOldGen       total 339968K, used 339932K [0x0000000080000000, 0x0000000094c00000, 0x00000000d5580000)
  object space 339968K, 99% used [0x0000000080000000,0x0000000094bf7148,0x0000000094c00000)
 Metaspace       used 51500K, committed 52800K, reserved 1114112K
  class space    used 5525K, committed 6080K, reserved 1048576K
}
Event: 11.752 GC heap before
{Heap before GC invocations=428 (full 2):
 PSYoungGen      total 4608K, used 4607K [0x00000000d5580000, 0x00000000d6080000, 0x0000000100000000)
  eden space 2560K, 99% used [0x00000000d5580000,0x00000000d57fffd0,0x00000000d5800000)
  from space 2048K, 100% used [0x00000000d5800000,0x00000000d5a00000,0x00000000d5a00000)
  to   space 4096K, 0% used [0x00000000d5c80000,0x00000000d5c80000,0x00000000d6080000)
 ParOldGen       total 339968K, used 339932K [0x0000000080000000, 0x0000000094c00000, 0x00000000d5580000)
  object space 339968K, 99% used [0x0000000080000000,0x0000000094bf7148,0x0000000094c00000)
 Metaspace       used 51537K, committed 52864K, reserved 1114112K
  class space    used 5530K, committed 6080K, reserved 1048576K
}
Event: 11.754 GC heap after
{Heap after GC invocations=428 (full 2):
 PSYoungGen      total 5120K, used 2033K [0x00000000d5580000, 0x00000000d5e80000, 0x0000000100000000)
  eden space 3072K, 0% used [0x00000000d5580000,0x00000000d5580000,0x00000000d5880000)
  from space 2048K, 99% used [0x00000000d5c80000,0x00000000d5e7c710,0x00000000d5e80000)
  to   space 3072K, 0% used [0x00000000d5880000,0x00000000d5880000,0x00000000d5b80000)
 ParOldGen       total 342016K, used 341938K [0x0000000080000000, 0x0000000094e00000, 0x00000000d5580000)
  object space 342016K, 99% used [0x0000000080000000,0x0000000094dec850,0x0000000094e00000)
 Metaspace       used 51537K, committed 52864K, reserved 1114112K
  class space    used 5530K, committed 6080K, reserved 1048576K
}
Event: 11.771 GC heap before
{Heap before GC invocations=429 (full 2):
 PSYoungGen      total 5120K, used 5105K [0x00000000d5580000, 0x00000000d5e80000, 0x0000000100000000)
  eden space 3072K, 100% used [0x00000000d5580000,0x00000000d5880000,0x00000000d5880000)
  from space 2048K, 99% used [0x00000000d5c80000,0x00000000d5e7c710,0x00000000d5e80000)
  to   space 3072K, 0% used [0x00000000d5880000,0x00000000d5880000,0x00000000d5b80000)
 ParOldGen       total 342016K, used 341938K [0x0000000080000000, 0x0000000094e00000, 0x00000000d5580000)
  object space 342016K, 99% used [0x0000000080000000,0x0000000094dec850,0x0000000094e00000)
 Metaspace       used 51667K, committed 53056K, reserved 1114112K
  class space    used 5551K, committed 6144K, reserved 1048576K
}
Event: 11.773 GC heap after
{Heap after GC invocations=429 (full 2):
 PSYoungGen      total 6144K, used 1120K [0x00000000d5580000, 0x00000000d5d80000, 0x0000000100000000)
  eden space 3072K, 0% used [0x00000000d5580000,0x00000000d5580000,0x00000000d5880000)
  from space 3072K, 36% used [0x00000000d5880000,0x00000000d5998000,0x00000000d5b80000)
  to   space 2048K, 0% used [0x00000000d5b80000,0x00000000d5b80000,0x00000000d5d80000)
 ParOldGen       total 344064K, used 343737K [0x0000000080000000, 0x0000000095000000, 0x00000000d5580000)
  object space 344064K, 99% used [0x0000000080000000,0x0000000094fae440,0x0000000095000000)
 Metaspace       used 51667K, committed 53056K, reserved 1114112K
  class space    used 5551K, committed 6144K, reserved 1048576K
}

